<?xml version="1.0" encoding="UTF-8"?>
<!-- Generated by org.testng.reporters.JUnitXMLReporter -->
<testsuite hostname="DESKTOP-VFOJGPQ" ignored="0" name="Surefire test" tests="5" failures="0" timestamp="25 Feb 2020 02:12:58 GMT" time="0.027" errors="0">
  <testcase name="IOSApps" time="0.005" classname="automationtest.AppiumTest"/>
  <testcase name="NativeAPpAndroid" time="0.001" classname="automationtest.AppiumTest"/>
  <testcase name="deleteTwitter" time="0.0" classname="automationtest.RESTAPITest"/>
  <testcase name="postJira" time="0.0" classname="automationtest.RESTAPITest"/>
  <testcase name="elementsUi" time="0.0" classname="automationtest.SeleniumTest"/>
</testsuite> <!-- Surefire test -->
