<?xml version="1.0" encoding="UTF-8"?>
<!-- Generated by org.testng.reporters.JUnitXMLReporter -->
<testsuite hostname="DESKTOP-VFOJGPQ" ignored="0" name="Test" tests="6" failures="0" timestamp="25 Feb 2020 22:27:10 GMT" time="0.04" errors="0">
  <testcase name="deleteTwitter" time="0.005" classname="automationtest.RESTAPITest"/>
  <testcase name="postJira" time="0.0" classname="automationtest.RESTAPITest"/>
  <testcase name="BrowserAUtomation" time="0.0" classname="automationtest.SeleniumTest"/>
  <testcase name="elementsUi" time="0.001" classname="automationtest.SeleniumTest"/>
  <testcase name="IOSApps" time="0.0" classname="automationtest.AppiumTest"/>
  <testcase name="NativeAPpAndroid" time="0.0" classname="automationtest.AppiumTest"/>
</testsuite> <!-- Test -->
